2026-04-07 12:55:09,434 [INFO] === [1단계] DB 초기화 시작 ===
2026-04-07 12:55:09,440 [INFO] DB 초기화 완료.
2026-04-07 12:55:09,440 [INFO] === [2단계] 전체 데이터 수집 시작 (약 15~20분 소요) ===
2026-04-07 12:55:10,389 [INFO] HTTP Request: GET https://public.api.nexon.com/community-ext-api/api/v1/board/2830/threadsV2?paginationType=PAGING&pageSize=100&blockSize=100&communityId=299&boardId=2830&reqStr=npsnUser&pageNo=1 "HTTP/1.1 200 OK"
2026-04-07 12:55:11,058 [INFO] HTTP Request: GET https://public.api.nexon.com/community-ext-api/api/v1/board/2830/threadsV2?paginationType=PAGING&pageSize=100&blockSize=100&communityId=299&boardId=2830&reqStr=npsnUser&pageNo=2&blockStartNo=1&blockStartKey=253402300799&blockStartKey=9223372036854775807 "HTTP/1.1 200 OK"
2026-04-07 12:55:11,059 [INFO] 목록 수집 완료: 104건
2026-04-07 12:55:13,150 [INFO] HTTP Request: GET https://public.api.nexon.com/community-ext-api/api/v1/thread/3407274?threadId=3407274&country=KR&reqStr=npsnUser "HTTP/1.1 200 OK"
2026-04-07 12:55:15,817 [INFO] HTTP Request: GET https://public.api.nexon.com/community-ext-api/api/v1/thread/3397760?threadId=3397760&country=KR&reqStr=npsnUser "HTTP/1.1 200 OK"
2026-04-07 12:55:18,322 [INFO] HTTP Request: GET https://public.api.nexon.com/community-ext-api/api/v1/thread/3387111?threadId=3387111&country=KR&reqStr=npsnUser "HTTP/1.1 200 OK"
2026-04-07 12:55:20,449 [INFO] HTTP Request: GET https://public.api.nexon.com/community-ext-api/api/v1/thread/3373335?threadId=3373335&country=KR&reqStr=npsnUser "HTTP/1.1 200 OK"
2026-04-07 12:55:23,304 [INFO] HTTP Request: GET https://public.api.nexon.com/community-ext-api/api/v1/thread/3352961?threadId=3352961&country=KR&reqStr=npsnUser "HTTP/1.1 200 OK"
2026-04-07 12:55:25,518 [INFO] HTTP Request: GET https://public.api.nexon.com/community-ext-api/api/v1/thread/3345312?threadId=3345312&country=KR&reqStr=npsnUser "HTTP/1.1 200 OK"
2026-04-07 12:55:25,756 [INFO] 신규 저장: 1/14(수) 패치노트
2026-04-07 12:55:27,829 [INFO] HTTP Request: GET https://public.api.nexon.com/community-ext-api/api/v1/thread/3336414?threadId=3336414&country=KR&reqStr=npsnUser "HTTP/1.1 200 OK"
2026-04-07 12:55:27,900 [INFO] 신규 저장: 1/7(수) 패치노트
2026-04-07 12:55:30,016 [INFO] HTTP Request: GET https://public.api.nexon.com/community-ext-api/api/v1/thread/3310392?threadId=3310392&country=KR&reqStr=npsnUser "HTTP/1.1 200 OK"
2026-04-07 12:55:30,557 [INFO] 신규 저장: 12/17(수) 패치노트 (12/17(수) 16:00 수정)
2026-04-07 12:55:32,637 [INFO] HTTP Request: GET https://public.api.nexon.com/community-ext-api/api/v1/thread/3293347?threadId=3293347&country=KR&reqStr=npsnUser "HTTP/1.1 200 OK"
2026-04-07 12:55:32,685 [INFO] 신규 저장: 12/3(수) 패치노트
2026-04-07 12:55:34,793 [INFO] HTTP Request: GET https://public.api.nexon.com/community-ext-api/api/v1/thread/3253574?threadId=3253574&country=KR&reqStr=npsnUser "HTTP/1.1 200 OK"
2026-04-07 12:55:35,300 [INFO] 신규 저장: 11/19(수) 패치노트 (12/1(월) 17:23 수정)
2026-04-07 12:55:37,391 [INFO] HTTP Request: GET https://public.api.nexon.com/community-ext-api/api/v1/thread/3211100?threadId=3211100&country=KR&reqStr=npsnUser "HTTP/1.1 200 OK"
2026-04-07 12:55:37,493 [INFO] 신규 저장: 11/5(수) 패치노트
2026-04-07 12:55:39,604 [INFO] HTTP Request: GET https://public.api.nexon.com/community-ext-api/api/v1/thread/3190511?threadId=3190511&country=KR&reqStr=npsnUser "HTTP/1.1 200 OK"
2026-04-07 12:55:39,833 [INFO] 신규 저장: 10/22(수) 패치노트
2026-04-07 12:55:41,922 [INFO] HTTP Request: GET https://public.api.nexon.com/community-ext-api/api/v1/thread/3182062?threadId=3182062&country=KR&reqStr=npsnUser "HTTP/1.1 200 OK"
2026-04-07 12:55:41,949 [INFO] 신규 저장: 10/15(수) 패치노트 (10/20(월) 10:33 추가)
2026-04-07 12:55:44,065 [INFO] HTTP Request: GET https://public.api.nexon.com/community-ext-api/api/v1/thread/3148518?threadId=3148518&country=KR&reqStr=npsnUser "HTTP/1.1 200 OK"
2026-04-07 12:55:44,499 [INFO] 신규 저장: 9/24(수) 패치노트 (9/24(수) 09:25 수정)
2026-04-07 12:55:46,592 [INFO] HTTP Request: GET https://public.api.nexon.com/community-ext-api/api/v1/thread/3132078?threadId=3132078&country=KR&reqStr=npsnUser "HTTP/1.1 200 OK"
2026-04-07 12:55:46,714 [INFO] 신규 저장: 9/10(수) 패치노트
2026-04-07 12:55:48,799 [INFO] HTTP Request: GET https://public.api.nexon.com/community-ext-api/api/v1/thread/3114208?threadId=3114208&country=KR&reqStr=npsnUser "HTTP/1.1 200 OK"
2026-04-07 12:55:48,841 [INFO] 신규 저장: 8/27(수) 패치노트
2026-04-07 12:55:50,945 [INFO] HTTP Request: GET https://public.api.nexon.com/community-ext-api/api/v1/thread/3100490?threadId=3100490&country=KR&reqStr=npsnUser "HTTP/1.1 200 OK"
2026-04-07 12:55:51,293 [INFO] 신규 저장: 8/20(수) 패치노트 (8/20(수) 17:12 수정)
2026-04-07 12:55:53,368 [INFO] HTTP Request: GET https://public.api.nexon.com/community-ext-api/api/v1/thread/3077739?threadId=3077739&country=KR&reqStr=npsnUser "HTTP/1.1 200 OK"
2026-04-07 12:55:53,431 [INFO] 신규 저장: 8/6(수) 패치노트
2026-04-07 12:55:55,517 [INFO] HTTP Request: GET https://public.api.nexon.com/community-ext-api/api/v1/thread/3063336?threadId=3063336&country=KR&reqStr=npsnUser "HTTP/1.1 200 OK"
2026-04-07 12:55:55,565 [INFO] 신규 저장: 7/30(수) 패치노트
2026-04-07 12:55:57,678 [INFO] HTTP Request: GET https://public.api.nexon.com/community-ext-api/api/v1/thread/3052236?threadId=3052236&country=KR&reqStr=npsnUser "HTTP/1.1 200 OK"
2026-04-07 12:55:58,339 [INFO] 신규 저장: 7/23(수) 패치노트 (7/23(수) 08:46 수정)
2026-04-07 12:56:00,430 [INFO] HTTP Request: GET https://public.api.nexon.com/community-ext-api/api/v1/thread/3024807?threadId=3024807&country=KR&reqStr=npsnUser "HTTP/1.1 200 OK"
2026-04-07 12:56:00,649 [INFO] 신규 저장: 7/9(수) 패치노트
2026-04-07 12:56:02,755 [INFO] HTTP Request: GET https://public.api.nexon.com/community-ext-api/api/v1/thread/2997241?threadId=2997241&country=KR&reqStr=npsnUser "HTTP/1.1 200 OK"
2026-04-07 12:56:02,850 [INFO] 신규 저장: 7/2(수) 패치노트 (7/2(수) 09:55 수정)
2026-04-07 12:56:04,960 [INFO] HTTP Request: GET https://public.api.nexon.com/community-ext-api/api/v1/thread/2982583?threadId=2982583&country=KR&reqStr=npsnUser "HTTP/1.1 200 OK"
2026-04-07 12:56:04,972 [INFO] 신규 저장: 6/25(수) 패치노트
2026-04-07 12:56:07,084 [INFO] HTTP Request: GET https://public.api.nexon.com/community-ext-api/api/v1/thread/2955239?threadId=2955239&country=KR&reqStr=npsnUser "HTTP/1.1 200 OK"
2026-04-07 12:56:07,394 [INFO] 신규 저장: 6/18(수) 패치노트 (6/30(월) 11:16 수정)
2026-04-07 12:56:09,502 [INFO] HTTP Request: GET https://public.api.nexon.com/community-ext-api/api/v1/thread/2929693?threadId=2929693&country=KR&reqStr=npsnUser "HTTP/1.1 200 OK"
2026-04-07 12:56:09,879 [INFO] 신규 저장: 6/4(수) 패치노트 (6/10(화) 13:19 추가)
2026-04-07 12:56:11,966 [INFO] HTTP Request: GET https://public.api.nexon.com/community-ext-api/api/v1/thread/2916795?threadId=2916795&country=KR&reqStr=npsnUser "HTTP/1.1 200 OK"
2026-04-07 12:56:11,971 [INFO] 신규 저장: 5/28(수) 패치노트
2026-04-07 12:56:14,105 [INFO] HTTP Request: GET https://public.api.nexon.com/community-ext-api/api/v1/thread/2904536?threadId=2904536&country=KR&reqStr=npsnUser "HTTP/1.1 200 OK"
2026-04-07 12:56:14,426 [INFO] 신규 저장: 5/21(수) 패치노트 (5/27(화) 13:28 수정)
2026-04-07 12:56:16,513 [INFO] HTTP Request: GET https://public.api.nexon.com/community-ext-api/api/v1/thread/2856210?threadId=2856210&country=KR&reqStr=npsnUser "HTTP/1.1 200 OK"
2026-04-07 12:56:16,672 [INFO] 신규 저장: 5/7(수) 패치노트 (5/7(수) 09:10 수정)
2026-04-07 12:56:18,788 [INFO] HTTP Request: GET https://public.api.nexon.com/community-ext-api/api/v1/thread/2835514?threadId=2835514&country=KR&reqStr=npsnUser "HTTP/1.1 200 OK"
2026-04-07 12:56:18,988 [INFO] 신규 저장: 4/23(수) 패치노트
2026-04-07 12:56:21,088 [INFO] HTTP Request: GET https://public.api.nexon.com/community-ext-api/api/v1/thread/2798856?threadId=2798856&country=KR&reqStr=npsnUser "HTTP/1.1 200 OK"
2026-04-07 12:56:21,326 [INFO] 신규 저장: 4/9(수) 패치노트 (4/10(목) 14:35 추가)
2026-04-07 12:56:23,423 [INFO] HTTP Request: GET https://public.api.nexon.com/community-ext-api/api/v1/thread/2775001?threadId=2775001&country=KR&reqStr=npsnUser "HTTP/1.1 200 OK"
2026-04-07 12:56:23,432 [INFO] 신규 저장: 4/1(화) 패치노트
2026-04-07 12:56:25,510 [INFO] HTTP Request: GET https://public.api.nexon.com/community-ext-api/api/v1/thread/2755101?threadId=2755101&country=KR&reqStr=npsnUser "HTTP/1.1 200 OK"
2026-04-07 12:56:25,642 [INFO] 신규 저장: 3/26(수) 패치노트 (4/9(수) 09:30 수정)
2026-04-07 12:56:27,736 [INFO] HTTP Request: GET https://public.api.nexon.com/community-ext-api/api/v1/thread/2745260?threadId=2745260&country=KR&reqStr=npsnUser "HTTP/1.1 200 OK"
2026-04-07 12:56:28,096 [INFO] 신규 저장: 3/12(수) 패치노트 (3/12(수) 11:00 추가)
2026-04-07 12:56:30,179 [INFO] HTTP Request: GET https://public.api.nexon.com/community-ext-api/api/v1/thread/2736892?threadId=2736892&country=KR&reqStr=npsnUser "HTTP/1.1 200 OK"
2026-04-07 12:56:30,337 [INFO] 신규 저장: 2/26(수) 패치노트 (2/26(수) 18:28 추가)
2026-04-07 12:56:32,410 [INFO] HTTP Request: GET https://public.api.nexon.com/community-ext-api/api/v1/thread/2730056?threadId=2730056&country=KR&reqStr=npsnUser "HTTP/1.1 200 OK"
2026-04-07 12:56:32,522 [INFO] 신규 저장: 2/12(수) 패치노트 (2/12(수) 09:22 추가)
2026-04-07 12:56:34,630 [INFO] HTTP Request: GET https://public.api.nexon.com/community-ext-api/api/v1/thread/2718769?threadId=2718769&country=KR&reqStr=npsnUser "HTTP/1.1 200 OK"
2026-04-07 12:56:35,156 [INFO] 신규 저장: 1/22(수) 패치노트 (3/5(수) 16:58 수정)
2026-04-07 12:56:37,245 [INFO] HTTP Request: GET https://public.api.nexon.com/community-ext-api/api/v1/thread/2714811?threadId=2714811&country=KR&reqStr=npsnUser "HTTP/1.1 200 OK"
2026-04-07 12:56:37,253 [INFO] 신규 저장: 1/15(수) 패치노트
2026-04-07 12:56:39,335 [INFO] HTTP Request: GET https://public.api.nexon.com/community-ext-api/api/v1/thread/2711250?threadId=2711250&country=KR&reqStr=npsnUser "HTTP/1.1 200 OK"
2026-04-07 12:56:39,347 [INFO] 신규 저장: 1/8(수) 패치노트 (1/8(수) 11:44 추가)
2026-04-07 12:56:41,448 [INFO] HTTP Request: GET https://public.api.nexon.com/community-ext-api/api/v1/thread/2701240?threadId=2701240&country=KR&reqStr=npsnUser "HTTP/1.1 200 OK"
2026-04-07 12:56:42,057 [INFO] 신규 저장: 12/18(수) 패치노트(12/20(금) 18:35 추가)
2026-04-07 12:56:44,145 [INFO] HTTP Request: GET https://public.api.nexon.com/community-ext-api/api/v1/thread/2693587?threadId=2693587&country=KR&reqStr=npsnUser "HTTP/1.1 200 OK"
2026-04-07 12:56:44,194 [INFO] 신규 저장: 12/4(수) 패치노트
2026-04-07 12:56:46,287 [INFO] HTTP Request: GET https://public.api.nexon.com/community-ext-api/api/v1/thread/2685688?threadId=2685688&country=KR&reqStr=npsnUser "HTTP/1.1 200 OK"
2026-04-07 12:56:46,615 [INFO] 신규 저장: 11/20(수) 패치노트 (11/21(목) 10:35 추가)
2026-04-07 12:56:48,704 [INFO] HTTP Request: GET https://public.api.nexon.com/community-ext-api/api/v1/thread/2677987?threadId=2677987&country=KR&reqStr=npsnUser "HTTP/1.1 200 OK"
2026-04-07 12:56:48,751 [INFO] 신규 저장: 11/6(수) 패치노트 (11/6(수) 10:00 수정)
2026-04-07 12:56:50,861 [INFO] HTTP Request: GET https://public.api.nexon.com/community-ext-api/api/v1/thread/2668588?threadId=2668588&country=KR&reqStr=npsnUser "HTTP/1.1 200 OK"
2026-04-07 12:56:51,490 [INFO] 신규 저장: 10/23(수) 패치노트 (10/31(금) 12:45 수정)
2026-04-07 12:56:53,580 [INFO] HTTP Request: GET https://public.api.nexon.com/community-ext-api/api/v1/thread/2659346?threadId=2659346&country=KR&reqStr=npsnUser "HTTP/1.1 200 OK"
2026-04-07 12:56:53,594 [INFO] 신규 저장: 10/10(목) 패치노트(10/11(금) 21:00 수정)
2026-04-07 12:56:55,713 [INFO] HTTP Request: GET https://public.api.nexon.com/community-ext-api/api/v1/thread/2649418?threadId=2649418&country=KR&reqStr=npsnUser "HTTP/1.1 200 OK"
2026-04-07 12:56:55,883 [INFO] 신규 저장: 9/25(수) 패치노트(10/24(목) 12:43 추가)
2026-04-07 12:56:57,964 [INFO] HTTP Request: GET https://public.api.nexon.com/community-ext-api/api/v1/thread/2639635?threadId=2639635&country=KR&reqStr=npsnUser "HTTP/1.1 200 OK"
2026-04-07 12:56:57,998 [INFO] 신규 저장: 9/11(수) 패치노트
2026-04-07 12:57:00,083 [INFO] HTTP Request: GET https://public.api.nexon.com/community-ext-api/api/v1/thread/2635165?threadId=2635165&country=KR&reqStr=npsnUser "HTTP/1.1 200 OK"
2026-04-07 12:57:00,210 [INFO] 신규 저장: 9/4(수) 패치노트
2026-04-07 12:57:02,310 [INFO] HTTP Request: GET https://public.api.nexon.com/community-ext-api/api/v1/thread/2626089?threadId=2626089&country=KR&reqStr=npsnUser "HTTP/1.1 200 OK"
2026-04-07 12:57:02,566 [INFO] 신규 저장: 8/21(수) 패치노트 (8/27(화) 15:55 수정)
2026-04-07 12:57:04,656 [INFO] HTTP Request: GET https://public.api.nexon.com/community-ext-api/api/v1/thread/2617544?threadId=2617544&country=KR&reqStr=npsnUser "HTTP/1.1 200 OK"
2026-04-07 12:57:04,803 [INFO] 신규 저장: 8/7(수) 패치노트(8/29(목) 17:22 수정)
2026-04-07 12:57:06,916 [INFO] HTTP Request: GET https://public.api.nexon.com/community-ext-api/api/v1/thread/2607876?threadId=2607876&country=KR&reqStr=npsnUser "HTTP/1.1 200 OK"
2026-04-07 12:57:07,210 [INFO] 신규 저장: 7/24(수) 패치노트 (7/25(목) 20:00 수정)
2026-04-07 12:57:09,330 [INFO] HTTP Request: GET https://public.api.nexon.com/community-ext-api/api/v1/thread/2599785?threadId=2599785&country=KR&reqStr=npsnUser "HTTP/1.1 200 OK"
2026-04-07 12:57:09,577 [INFO] 신규 저장: 7/10(수) 패치노트 (7/23(화) 18:35 수정)
2026-04-07 12:57:11,667 [INFO] HTTP Request: GET https://public.api.nexon.com/community-ext-api/api/v1/thread/2590003?threadId=2590003&country=KR&reqStr=npsnUser "HTTP/1.1 200 OK"
2026-04-07 12:57:12,037 [INFO] 신규 저장: 6/26(수) 패치노트 (6/26 16:35 수정)
2026-04-07 12:57:14,119 [INFO] HTTP Request: GET https://public.api.nexon.com/community-ext-api/api/v1/thread/2582520?threadId=2582520&country=KR&reqStr=npsnUser "HTTP/1.1 200 OK"
2026-04-07 12:57:14,204 [INFO] 신규 저장: 6/12(수) 패치노트 (6/12 15:16 수정)
2026-04-07 12:57:16,323 [INFO] HTTP Request: GET https://public.api.nexon.com/community-ext-api/api/v1/thread/2570512?threadId=2570512&country=KR&reqStr=npsnUser "HTTP/1.1 200 OK"
2026-04-07 12:57:16,734 [INFO] 신규 저장: 5/22(수) 패치노트 (5/24(금) 16:10 수정)
2026-04-07 12:57:18,815 [INFO] HTTP Request: GET https://public.api.nexon.com/community-ext-api/api/v1/thread/2559620?threadId=2559620&country=KR&reqStr=npsnUser "HTTP/1.1 200 OK"
2026-04-07 12:57:18,944 [INFO] 신규 저장: 5/8(수) 패치노트 (5/9(목) 11:50 추가)
2026-04-07 12:57:21,024 [INFO] HTTP Request: GET https://public.api.nexon.com/community-ext-api/api/v1/thread/2552124?threadId=2552124&country=KR&reqStr=npsnUser "HTTP/1.1 200 OK"
2026-04-07 12:57:21,257 [INFO] 신규 저장: 4/24(수) 패치노트
2026-04-07 12:57:23,348 [INFO] HTTP Request: GET https://public.api.nexon.com/community-ext-api/api/v1/thread/2544083?threadId=2544083&country=KR&reqStr=npsnUser "HTTP/1.1 200 OK"
2026-04-07 12:57:23,422 [INFO] 신규 저장: 4/11(목) 패치노트 (4/16(화) 18:30 수정)
2026-04-07 12:57:25,520 [INFO] HTTP Request: GET https://public.api.nexon.com/community-ext-api/api/v1/thread/2533186?threadId=2533186&country=KR&reqStr=npsnUser "HTTP/1.1 200 OK"
2026-04-07 12:57:26,063 [INFO] 신규 저장: 3/27(수) 패치노트 (5/29(수) 18:33 추가)
2026-04-07 12:57:28,174 [INFO] HTTP Request: GET https://public.api.nexon.com/community-ext-api/api/v1/thread/2517584?threadId=2517584&country=KR&reqStr=npsnUser "HTTP/1.1 200 OK"
2026-04-07 12:57:28,426 [INFO] 신규 저장: 3/6(수) 패치노트 (3/8(금) 18:41 수정)
2026-04-07 12:57:30,527 [INFO] HTTP Request: GET https://public.api.nexon.com/community-ext-api/api/v1/thread/2505651?threadId=2505651&country=KR&reqStr=npsnUser "HTTP/1.1 200 OK"
2026-04-07 12:57:30,944 [INFO] 신규 저장: 2/21(수) 패치노트 (2/21(수) 20:21 수정)
2026-04-07 12:57:33,499 [INFO] HTTP Request: GET https://public.api.nexon.com/community-ext-api/api/v1/thread/2490517?threadId=2490517&country=KR&reqStr=npsnUser "HTTP/1.1 200 OK"
2026-04-07 12:57:33,692 [INFO] 신규 저장: 2/7(수) 패치노트 (2/7(수) 11:03 수정)
2026-04-07 12:57:35,776 [INFO] HTTP Request: GET https://public.api.nexon.com/community-ext-api/api/v1/thread/2483687?threadId=2483687&country=KR&reqStr=npsnUser "HTTP/1.1 200 OK"
2026-04-07 12:57:35,792 [INFO] 신규 저장: 1/31(수) 패치노트 (1/31(수) 10:59 수정)
2026-04-07 12:57:37,878 [INFO] HTTP Request: GET https://public.api.nexon.com/community-ext-api/api/v1/thread/2477133?threadId=2477133&country=KR&reqStr=npsnUser "HTTP/1.1 200 OK"
2026-04-07 12:57:38,205 [INFO] 신규 저장: 1/24(수) 패치노트
2026-04-07 12:57:40,297 [INFO] HTTP Request: GET https://public.api.nexon.com/community-ext-api/api/v1/thread/2471534?threadId=2471534&country=KR&reqStr=npsnUser "HTTP/1.1 200 OK"
2026-04-07 12:57:40,301 [INFO] 신규 저장: 1/17(수) 패치노트
2026-04-07 12:57:42,392 [INFO] HTTP Request: GET https://public.api.nexon.com/community-ext-api/api/v1/thread/2465916?threadId=2465916&country=KR&reqStr=npsnUser "HTTP/1.1 200 OK"
2026-04-07 12:57:42,448 [INFO] 신규 저장: 1/10(수) 패치노트 (1/10(수) 11:53 수정)
2026-04-07 12:57:44,519 [INFO] HTTP Request: GET https://public.api.nexon.com/community-ext-api/api/v1/thread/2462199?threadId=2462199&country=KR&reqStr=npsnUser "HTTP/1.1 200 OK"
2026-04-07 12:57:44,548 [INFO] 신규 저장: 1/5(금) 패치노트 (1/5(금) 14:32 수정)
2026-04-07 12:57:46,616 [INFO] HTTP Request: GET https://public.api.nexon.com/community-ext-api/api/v1/thread/2450533?threadId=2450533&country=KR&reqStr=npsnUser "HTTP/1.1 200 OK"
2026-04-07 12:57:46,622 [INFO] 신규 저장: 12/27(수) 패치노트
2026-04-07 12:57:48,713 [INFO] HTTP Request: GET https://public.api.nexon.com/community-ext-api/api/v1/thread/2446768?threadId=2446768&country=KR&reqStr=npsnUser "HTTP/1.1 200 OK"
2026-04-07 12:57:49,051 [INFO] 신규 저장: 12/20(수) 패치노트 (12/20(수) 14:18 수정)
2026-04-07 12:57:51,125 [INFO] HTTP Request: GET https://public.api.nexon.com/community-ext-api/api/v1/thread/2439064?threadId=2439064&country=KR&reqStr=npsnUser "HTTP/1.1 200 OK"
2026-04-07 12:57:51,138 [INFO] 신규 저장: 12/13(수) 패치노트 (12/13(수) 06:42 수정)
2026-04-07 12:57:53,227 [INFO] HTTP Request: GET https://public.api.nexon.com/community-ext-api/api/v1/thread/2433436?threadId=2433436&country=KR&reqStr=npsnUser "HTTP/1.1 200 OK"
2026-04-07 12:57:53,265 [INFO] 신규 저장: 12/6(수) 패치노트
2026-04-07 12:57:55,351 [INFO] HTTP Request: GET https://public.api.nexon.com/community-ext-api/api/v1/thread/2427848?threadId=2427848&country=KR&reqStr=npsnUser "HTTP/1.1 200 OK"
2026-04-07 12:57:55,389 [INFO] 신규 저장: 11/29(수) 패치노트 (11/29(수) 11:13 수정)
2026-04-07 12:57:57,498 [INFO] HTTP Request: GET https://public.api.nexon.com/community-ext-api/api/v1/thread/2379461?threadId=2379461&country=KR&reqStr=npsnUser "HTTP/1.1 200 OK"
2026-04-07 12:57:57,799 [INFO] 신규 저장: 11/22(수) 패치노트 (12/14(목) 10:50 수정)
2026-04-07 12:57:59,886 [INFO] HTTP Request: GET https://public.api.nexon.com/community-ext-api/api/v1/thread/2333699?threadId=2333699&country=KR&reqStr=npsnUser "HTTP/1.1 200 OK"
2026-04-07 12:57:59,940 [INFO] 신규 저장: 11/15(수) 패치노트 (11/15(수) 18:06 수정)
2026-04-07 12:58:02,038 [INFO] HTTP Request: GET https://public.api.nexon.com/community-ext-api/api/v1/thread/2328491?threadId=2328491&country=KR&reqStr=npsnUser "HTTP/1.1 200 OK"
2026-04-07 12:58:02,114 [INFO] 신규 저장: 11/8(수) 패치노트
2026-04-07 12:58:04,201 [INFO] HTTP Request: GET https://public.api.nexon.com/community-ext-api/api/v1/thread/2315625?threadId=2315625&country=KR&reqStr=npsnUser "HTTP/1.1 200 OK"
2026-04-07 12:58:04,217 [INFO] 신규 저장: 11/1(수) 패치노트
2026-04-07 12:58:06,337 [INFO] HTTP Request: GET https://public.api.nexon.com/community-ext-api/api/v1/thread/2315450?threadId=2315450&country=KR&reqStr=npsnUser "HTTP/1.1 200 OK"
2026-04-07 12:58:06,783 [INFO] 신규 저장: 10/25(수) 패치노트 (10/26(목) 17:12 수정)
2026-04-07 12:58:08,882 [INFO] HTTP Request: GET https://public.api.nexon.com/community-ext-api/api/v1/thread/2308140?threadId=2308140&country=KR&reqStr=npsnUser "HTTP/1.1 200 OK"
2026-04-07 12:58:08,897 [INFO] 신규 저장: 10/18(수) 패치노트 (10/19(목) 15:34 수정)
2026-04-07 12:58:10,986 [INFO] HTTP Request: GET https://public.api.nexon.com/community-ext-api/api/v1/thread/2301941?threadId=2301941&country=KR&reqStr=npsnUser "HTTP/1.1 200 OK"
2026-04-07 12:58:11,036 [INFO] 신규 저장: 10/11(수) 패치노트 (10/11(수) 07:03 수정)
2026-04-07 12:58:13,134 [INFO] HTTP Request: GET https://public.api.nexon.com/community-ext-api/api/v1/thread/2289221?threadId=2289221&country=KR&reqStr=npsnUser "HTTP/1.1 200 OK"
2026-04-07 12:58:13,161 [INFO] 신규 저장: 9/26(화) 패치노트 (9/26(화) 08:45 수정)
2026-04-07 12:58:15,261 [INFO] HTTP Request: GET https://public.api.nexon.com/community-ext-api/api/v1/thread/2281696?threadId=2281696&country=KR&reqStr=npsnUser "HTTP/1.1 200 OK"
2026-04-07 12:58:15,571 [INFO] 신규 저장: 9/20(수) 패치노트 (9/21(목) 20:11 수정)
2026-04-07 12:58:17,654 [INFO] HTTP Request: GET https://public.api.nexon.com/community-ext-api/api/v1/thread/2277423?threadId=2277423&country=KR&reqStr=npsnUser "HTTP/1.1 200 OK"
2026-04-07 12:58:17,669 [INFO] 신규 저장: 9/13(수) 패치노트 (9/13(수) 07:00 수정)
2026-04-07 12:58:19,745 [INFO] HTTP Request: GET https://public.api.nexon.com/community-ext-api/api/v1/thread/2272805?threadId=2272805&country=KR&reqStr=npsnUser "HTTP/1.1 200 OK"
2026-04-07 12:58:19,781 [INFO] 신규 저장: 9/6(수) 패치노트 (9/6(수) 06:48 수정)
2026-04-07 12:58:21,864 [INFO] HTTP Request: GET https://public.api.nexon.com/community-ext-api/api/v1/thread/2267301?threadId=2267301&country=KR&reqStr=npsnUser "HTTP/1.1 200 OK"
2026-04-07 12:58:21,888 [INFO] 신규 저장: 8/31(목) 패치노트
2026-04-07 12:58:23,996 [INFO] HTTP Request: GET https://public.api.nexon.com/community-ext-api/api/v1/thread/2256497?threadId=2256497&country=KR&reqStr=npsnUser "HTTP/1.1 200 OK"
2026-04-07 12:58:24,484 [INFO] 신규 저장: 8/23(수) 패치노트 (10/24(화) 19:35 수정)
2026-04-07 12:58:26,558 [INFO] HTTP Request: GET https://public.api.nexon.com/community-ext-api/api/v1/thread/2249389?threadId=2249389&country=KR&reqStr=npsnUser "HTTP/1.1 200 OK"
2026-04-07 12:58:26,580 [INFO] 신규 저장: 8/16(수) 패치노트 (8/16(수) 09:05 수정)
2026-04-07 12:58:28,676 [INFO] HTTP Request: GET https://public.api.nexon.com/community-ext-api/api/v1/thread/2243719?threadId=2243719&country=KR&reqStr=npsnUser "HTTP/1.1 200 OK"
2026-04-07 12:58:28,810 [INFO] 신규 저장: 8/9(수) 패치노트 (8/10(목) 13:19 수정)
2026-04-07 12:58:30,882 [INFO] HTTP Request: GET https://public.api.nexon.com/community-ext-api/api/v1/thread/2230361?threadId=2230361&country=KR&reqStr=npsnUser "HTTP/1.1 200 OK"
2026-04-07 12:58:30,955 [INFO] 신규 저장: 8/2(수) 패치노트
2026-04-07 12:58:33,061 [INFO] HTTP Request: GET https://public.api.nexon.com/community-ext-api/api/v1/thread/2219774?threadId=2219774&country=KR&reqStr=npsnUser "HTTP/1.1 200 OK"
2026-04-07 12:58:33,457 [INFO] 신규 저장: 7/26(수) 패치노트 (8/7(월) 18:20 수정)
2026-04-07 12:58:35,531 [INFO] HTTP Request: GET https://public.api.nexon.com/community-ext-api/api/v1/thread/2210529?threadId=2210529&country=KR&reqStr=npsnUser "HTTP/1.1 200 OK"
2026-04-07 12:58:35,561 [INFO] 신규 저장: 7/19(수) 패치노트
2026-04-07 12:58:37,658 [INFO] HTTP Request: GET https://public.api.nexon.com/community-ext-api/api/v1/thread/2202461?threadId=2202461&country=KR&reqStr=npsnUser "HTTP/1.1 200 OK"
2026-04-07 12:58:37,711 [INFO] 신규 저장: 7/12(수) 패치노트
2026-04-07 12:58:39,814 [INFO] HTTP Request: GET https://public.api.nexon.com/community-ext-api/api/v1/thread/2196232?threadId=2196232&country=KR&reqStr=npsnUser "HTTP/1.1 200 OK"
2026-04-07 12:58:39,891 [INFO] 신규 저장: 7/5(수) 패치노트
2026-04-07 12:58:41,974 [INFO] HTTP Request: GET https://public.api.nexon.com/community-ext-api/api/v1/thread/2190169?threadId=2190169&country=KR&reqStr=npsnUser "HTTP/1.1 200 OK"
2026-04-07 12:58:42,029 [INFO] 신규 저장: 6/28(수) 패치노트
2026-04-07 12:58:44,141 [INFO] HTTP Request: GET https://public.api.nexon.com/community-ext-api/api/v1/thread/2173893?threadId=2173893&country=KR&reqStr=npsnUser "HTTP/1.1 200 OK"
2026-04-07 12:58:44,396 [INFO] 신규 저장: 6/21(수) 패치노트
2026-04-07 12:58:46,487 [INFO] HTTP Request: GET https://public.api.nexon.com/community-ext-api/api/v1/thread/2157445?threadId=2157445&country=KR&reqStr=npsnUser "HTTP/1.1 200 OK"
2026-04-07 12:58:46,864 [INFO] 신규 저장: 6/14(수) 패치노트 (6/14(수) 09:37 수정)
2026-04-07 12:58:48,956 [INFO] HTTP Request: GET https://public.api.nexon.com/community-ext-api/api/v1/thread/2147424?threadId=2147424&country=KR&reqStr=npsnUser "HTTP/1.1 200 OK"
2026-04-07 12:58:49,062 [INFO] 신규 저장: 6/7(수) 패치노트 (6/7(수) 11:21 수정)
2026-04-07 12:58:51,151 [INFO] HTTP Request: GET https://public.api.nexon.com/community-ext-api/api/v1/thread/2141716?threadId=2141716&country=KR&reqStr=npsnUser "HTTP/1.1 200 OK"
2026-04-07 12:58:51,202 [INFO] 신규 저장: 5/31(수) 패치노트
2026-04-07 12:58:53,319 [INFO] HTTP Request: GET https://public.api.nexon.com/community-ext-api/api/v1/thread/2135181?threadId=2135181&country=KR&reqStr=npsnUser "HTTP/1.1 200 OK"
2026-04-07 12:58:53,648 [INFO] 신규 저장: 5/24(수) 패치노트 (11:46 수정)
2026-04-07 12:58:55,717 [INFO] HTTP Request: GET https://public.api.nexon.com/community-ext-api/api/v1/thread/2128323?threadId=2128323&country=KR&reqStr=npsnUser "HTTP/1.1 200 OK"
2026-04-07 12:58:55,745 [INFO] 신규 저장: 5/17(수) 패치노트
2026-04-07 12:58:57,848 [INFO] HTTP Request: GET https://public.api.nexon.com/community-ext-api/api/v1/thread/2120550?threadId=2120550&country=KR&reqStr=npsnUser "HTTP/1.1 200 OK"
2026-04-07 12:58:57,962 [INFO] 신규 저장: 5/10(수) 패치노트 (5/11(목) 14:10 수정)
2026-04-07 12:59:00,045 [INFO] HTTP Request: GET https://public.api.nexon.com/community-ext-api/api/v1/thread/2114779?threadId=2114779&country=KR&reqStr=npsnUser "HTTP/1.1 200 OK"
2026-04-07 12:59:00,061 [INFO] 신규 저장: 5/4(목) 패치노트 (5/4(목) 14:03 수정)
2026-04-07 12:59:02,139 [INFO] HTTP Request: GET https://public.api.nexon.com/community-ext-api/api/v1/thread/2107193?threadId=2107193&country=KR&reqStr=npsnUser "HTTP/1.1 200 OK"
2026-04-07 12:59:02,295 [INFO] 신규 저장: 4/26(수) 패치노트 (4/28(금) 16:18 수정)
2026-04-07 12:59:04,389 [INFO] HTTP Request: GET https://public.api.nexon.com/community-ext-api/api/v1/thread/2098709?threadId=2098709&country=KR&reqStr=npsnUser "HTTP/1.1 200 OK"
2026-04-07 12:59:04,454 [INFO] 신규 저장: 4/19(수) 패치노트 (4/20(목) 수정)
2026-04-07 12:59:06,529 [INFO] HTTP Request: GET https://public.api.nexon.com/community-ext-api/api/v1/thread/2090667?threadId=2090667&country=KR&reqStr=npsnUser "HTTP/1.1 200 OK"
2026-04-07 12:59:06,621 [INFO] 신규 저장: 4/12(수) 패치노트 (13:42 수정)
2026-04-07 12:59:08,693 [INFO] HTTP Request: GET https://public.api.nexon.com/community-ext-api/api/v1/thread/2082377?threadId=2082377&country=KR&reqStr=npsnUser "HTTP/1.1 200 OK"
2026-04-07 12:59:08,820 [INFO] 신규 저장: 4/5(수) 패치노트
2026-04-07 12:59:29,250 [INFO] 수집 완료 — 스캔: 104 / 신규: 99 / 갱신: 0 / 건너뜀: 5 / 오류: 0
2026-04-07 12:59:29,251 [INFO] 수집 결과: success (신규: 99)
2026-04-07 12:59:29,252 [INFO] === [3단계] 데이터 분석 및 청크 생성 시작 ===
2026-04-07 12:59:29,401 [INFO] 청크/태깅 완료: 3/25(수) 패치노트 (3/25(수) 13:18 수정)
2026-04-07 12:59:29,439 [INFO] 청크/태깅 완료: 3/11(수) 패치노트 (3/13(금) 16:15 수정)
2026-04-07 12:59:29,442 [INFO] 청크/태깅 완료: 2/26(목) 패치노트
2026-04-07 12:59:29,548 [INFO] 청크/태깅 완료: 2/11(수) 패치노트 (2/11(수) 08:53 수정)
2026-04-07 12:59:29,565 [INFO] 청크/태깅 완료: 1/21(수) 패치노트 (1/21(수) 17:03 수정)
2026-04-07 12:59:29,586 [INFO] 청크/태깅 완료: 1/14(수) 패치노트
2026-04-07 12:59:29,602 [INFO] 청크/태깅 완료: 1/7(수) 패치노트
2026-04-07 12:59:29,680 [INFO] 청크/태깅 완료: 12/17(수) 패치노트 (12/17(수) 16:00 수정)
2026-04-07 12:59:29,690 [INFO] 청크/태깅 완료: 12/3(수) 패치노트
2026-04-07 12:59:29,750 [INFO] 청크/태깅 완료: 11/19(수) 패치노트 (12/1(월) 17:23 수정)
2026-04-07 12:59:29,771 [INFO] 청크/태깅 완료: 11/5(수) 패치노트
2026-04-07 12:59:29,836 [INFO] 청크/태깅 완료: 10/22(수) 패치노트
2026-04-07 12:59:29,843 [INFO] 청크/태깅 완료: 10/15(수) 패치노트 (10/20(월) 10:33 추가)
2026-04-07 12:59:29,901 [INFO] 청크/태깅 완료: 9/24(수) 패치노트 (9/24(수) 09:25 수정)
2026-04-07 12:59:29,919 [INFO] 청크/태깅 완료: 9/10(수) 패치노트
2026-04-07 12:59:29,928 [INFO] 청크/태깅 완료: 8/27(수) 패치노트
2026-04-07 12:59:29,992 [INFO] 청크/태깅 완료: 8/20(수) 패치노트 (8/20(수) 17:12 수정)
2026-04-07 12:59:30,002 [INFO] 청크/태깅 완료: 8/6(수) 패치노트
2026-04-07 12:59:30,013 [INFO] 청크/태깅 완료: 7/30(수) 패치노트
2026-04-07 12:59:30,085 [INFO] 청크/태깅 완료: 7/23(수) 패치노트 (7/23(수) 08:46 수정)
2026-04-07 12:59:30,133 [INFO] 청크/태깅 완료: 7/9(수) 패치노트
2026-04-07 12:59:30,147 [INFO] 청크/태깅 완료: 7/2(수) 패치노트 (7/2(수) 09:55 수정)
2026-04-07 12:59:30,153 [INFO] 청크/태깅 완료: 6/25(수) 패치노트
2026-04-07 12:59:30,189 [INFO] 청크/태깅 완료: 6/18(수) 패치노트 (6/30(월) 11:16 수정)
2026-04-07 12:59:30,229 [INFO] 청크/태깅 완료: 6/4(수) 패치노트 (6/10(화) 13:19 추가)
2026-04-07 12:59:30,234 [INFO] 청크/태깅 완료: 5/28(수) 패치노트
2026-04-07 12:59:30,317 [INFO] 청크/태깅 완료: 5/21(수) 패치노트 (5/27(화) 13:28 수정)
2026-04-07 12:59:30,331 [INFO] 청크/태깅 완료: 5/7(수) 패치노트 (5/7(수) 09:10 수정)
2026-04-07 12:59:30,363 [INFO] 청크/태깅 완료: 4/23(수) 패치노트
2026-04-07 12:59:30,385 [INFO] 청크/태깅 완료: 4/9(수) 패치노트 (4/10(목) 14:35 추가)
2026-04-07 12:59:30,389 [INFO] 청크/태깅 완료: 4/1(화) 패치노트
2026-04-07 12:59:30,439 [INFO] 청크/태깅 완료: 3/26(수) 패치노트 (4/9(수) 09:30 수정)
2026-04-07 12:59:30,488 [INFO] 청크/태깅 완료: 3/12(수) 패치노트 (3/12(수) 11:00 추가)
2026-04-07 12:59:30,517 [INFO] 청크/태깅 완료: 2/26(수) 패치노트 (2/26(수) 18:28 추가)
2026-04-07 12:59:30,532 [INFO] 청크/태깅 완료: 2/12(수) 패치노트 (2/12(수) 09:22 추가)
2026-04-07 12:59:30,621 [INFO] 청크/태깅 완료: 1/22(수) 패치노트 (3/5(수) 16:58 수정)
2026-04-07 12:59:30,625 [INFO] 청크/태깅 완료: 1/15(수) 패치노트
2026-04-07 12:59:30,629 [INFO] 청크/태깅 완료: 1/8(수) 패치노트 (1/8(수) 11:44 추가)
2026-04-07 12:59:30,679 [INFO] 청크/태깅 완료: 12/18(수) 패치노트(12/20(금) 18:35 추가)
2026-04-07 12:59:30,690 [INFO] 청크/태깅 완료: 12/4(수) 패치노트
2026-04-07 12:59:30,758 [INFO] 청크/태깅 완료: 11/20(수) 패치노트 (11/21(목) 10:35 추가)
2026-04-07 12:59:30,768 [INFO] 청크/태깅 완료: 11/6(수) 패치노트 (11/6(수) 10:00 수정)
2026-04-07 12:59:30,827 [INFO] 청크/태깅 완료: 10/23(수) 패치노트 (10/31(금) 12:45 수정)
2026-04-07 12:59:30,832 [INFO] 청크/태깅 완료: 10/10(목) 패치노트(10/11(금) 21:00 수정)
2026-04-07 12:59:30,885 [INFO] 청크/태깅 완료: 9/25(수) 패치노트(10/24(목) 12:43 추가)
2026-04-07 12:59:30,894 [INFO] 청크/태깅 완료: 9/11(수) 패치노트
2026-04-07 12:59:30,912 [INFO] 청크/태깅 완료: 9/4(수) 패치노트
2026-04-07 12:59:30,937 [INFO] 청크/태깅 완료: 8/21(수) 패치노트 (8/27(화) 15:55 수정)
2026-04-07 12:59:30,962 [INFO] 청크/태깅 완료: 8/7(수) 패치노트(8/29(목) 17:22 수정)
2026-04-07 12:59:31,012 [INFO] 청크/태깅 완료: 7/24(수) 패치노트 (7/25(목) 20:00 수정)
2026-04-07 12:59:31,036 [INFO] 청크/태깅 완료: 7/10(수) 패치노트 (7/23(화) 18:35 수정)
2026-04-07 12:59:31,075 [INFO] 청크/태깅 완료: 6/26(수) 패치노트 (6/26 16:35 수정)
2026-04-07 12:59:31,088 [INFO] 청크/태깅 완료: 6/12(수) 패치노트 (6/12 15:16 수정)
2026-04-07 12:59:31,155 [INFO] 청크/태깅 완료: 5/22(수) 패치노트 (5/24(금) 16:10 수정)
2026-04-07 12:59:31,180 [INFO] 청크/태깅 완료: 5/8(수) 패치노트 (5/9(목) 11:50 추가)
2026-04-07 12:59:31,203 [INFO] 청크/태깅 완료: 4/24(수) 패치노트
2026-04-07 12:59:31,219 [INFO] 청크/태깅 완료: 4/11(목) 패치노트 (4/16(화) 18:30 수정)
2026-04-07 12:59:31,294 [INFO] 청크/태깅 완료: 3/27(수) 패치노트 (5/29(수) 18:33 추가)
2026-04-07 12:59:31,330 [INFO] 청크/태깅 완료: 3/6(수) 패치노트 (3/8(금) 18:41 수정)
2026-04-07 12:59:31,369 [INFO] 청크/태깅 완료: 2/21(수) 패치노트 (2/21(수) 20:21 수정)
2026-04-07 12:59:31,414 [INFO] 청크/태깅 완료: 2/7(수) 패치노트 (2/7(수) 11:03 수정)
2026-04-07 12:59:31,417 [INFO] 청크/태깅 완료: 1/31(수) 패치노트 (1/31(수) 10:59 수정)
2026-04-07 12:59:31,446 [INFO] 청크/태깅 완료: 1/24(수) 패치노트
2026-04-07 12:59:31,448 [INFO] 청크/태깅 완료: 1/17(수) 패치노트
2026-04-07 12:59:31,456 [INFO] 청크/태깅 완료: 1/10(수) 패치노트 (1/10(수) 11:53 수정)
2026-04-07 12:59:31,460 [INFO] 청크/태깅 완료: 1/5(금) 패치노트 (1/5(금) 14:32 수정)
2026-04-07 12:59:31,463 [INFO] 청크/태깅 완료: 12/27(수) 패치노트
2026-04-07 12:59:31,488 [INFO] 청크/태깅 완료: 12/20(수) 패치노트 (12/20(수) 14:18 수정)
2026-04-07 12:59:31,494 [INFO] 청크/태깅 완료: 12/13(수) 패치노트 (12/13(수) 06:42 수정)
2026-04-07 12:59:31,503 [INFO] 청크/태깅 완료: 12/6(수) 패치노트
2026-04-07 12:59:31,512 [INFO] 청크/태깅 완료: 11/29(수) 패치노트 (11/29(수) 11:13 수정)
2026-04-07 12:59:31,554 [INFO] 청크/태깅 완료: 11/22(수) 패치노트 (12/14(목) 10:50 수정)
2026-04-07 12:59:31,564 [INFO] 청크/태깅 완료: 11/15(수) 패치노트 (11/15(수) 18:06 수정)
2026-04-07 12:59:31,575 [INFO] 청크/태깅 완료: 11/8(수) 패치노트
2026-04-07 12:59:31,580 [INFO] 청크/태깅 완료: 11/1(수) 패치노트
2026-04-07 12:59:31,622 [INFO] 청크/태깅 완료: 10/25(수) 패치노트 (10/26(목) 17:12 수정)
2026-04-07 12:59:31,628 [INFO] 청크/태깅 완료: 10/18(수) 패치노트 (10/19(목) 15:34 수정)
2026-04-07 12:59:31,637 [INFO] 청크/태깅 완료: 10/11(수) 패치노트 (10/11(수) 07:03 수정)
2026-04-07 12:59:31,644 [INFO] 청크/태깅 완료: 9/26(화) 패치노트 (9/26(화) 08:45 수정)
2026-04-07 12:59:31,689 [INFO] 청크/태깅 완료: 9/20(수) 패치노트 (9/21(목) 20:11 수정)
2026-04-07 12:59:31,694 [INFO] 청크/태깅 완료: 9/13(수) 패치노트 (9/13(수) 07:00 수정)
2026-04-07 12:59:31,703 [INFO] 청크/태깅 완료: 9/6(수) 패치노트 (9/6(수) 06:48 수정)
2026-04-07 12:59:31,710 [INFO] 청크/태깅 완료: 8/31(목) 패치노트
2026-04-07 12:59:31,767 [INFO] 청크/태깅 완료: 8/23(수) 패치노트 (10/24(화) 19:35 수정)
2026-04-07 12:59:31,774 [INFO] 청크/태깅 완료: 8/16(수) 패치노트 (8/16(수) 09:05 수정)
2026-04-07 12:59:31,818 [INFO] 청크/태깅 완료: 8/9(수) 패치노트 (8/10(목) 13:19 수정)
2026-04-07 12:59:31,828 [INFO] 청크/태깅 완료: 8/2(수) 패치노트
2026-04-07 12:59:31,865 [INFO] 청크/태깅 완료: 7/26(수) 패치노트 (8/7(월) 18:20 수정)
2026-04-07 12:59:31,873 [INFO] 청크/태깅 완료: 7/19(수) 패치노트
2026-04-07 12:59:31,889 [INFO] 청크/태깅 완료: 7/12(수) 패치노트
2026-04-07 12:59:31,900 [INFO] 청크/태깅 완료: 7/5(수) 패치노트
2026-04-07 12:59:31,911 [INFO] 청크/태깅 완료: 6/28(수) 패치노트
2026-04-07 12:59:31,934 [INFO] 청크/태깅 완료: 6/21(수) 패치노트
2026-04-07 12:59:31,948 [INFO] 청크/태깅 완료: 6/14(수) 패치노트 (6/14(수) 09:37 수정)
2026-04-07 12:59:31,965 [INFO] 청크/태깅 완료: 6/7(수) 패치노트 (6/7(수) 11:21 수정)
2026-04-07 12:59:31,989 [INFO] 청크/태깅 완료: 5/31(수) 패치노트
2026-04-07 12:59:32,034 [INFO] 청크/태깅 완료: 5/24(수) 패치노트 (11:46 수정)
2026-04-07 12:59:32,040 [INFO] 청크/태깅 완료: 5/17(수) 패치노트
2026-04-07 12:59:32,053 [INFO] 청크/태깅 완료: 5/10(수) 패치노트 (5/11(목) 14:10 수정)
2026-04-07 12:59:32,055 [INFO] 청크/태깅 완료: 5/4(목) 패치노트 (5/4(목) 14:03 수정)
2026-04-07 12:59:32,075 [INFO] 청크/태깅 완료: 4/26(수) 패치노트 (4/28(금) 16:18 수정)
2026-04-07 12:59:32,086 [INFO] 청크/태깅 완료: 4/19(수) 패치노트 (4/20(목) 수정)
2026-04-07 12:59:32,101 [INFO] 청크/태깅 완료: 4/12(수) 패치노트 (13:42 수정)
2026-04-07 12:59:32,108 [INFO] 청크/태깅 완료: 4/5(수) 패치노트
2026-04-07 12:59:51,756 [INFO] 분석 완료: 104건 처리됨
2026-04-07 12:59:51,756 [INFO] === [4단계] 검색 인덱스 빌드 시작 ===
2026-04-07 13:00:09,337 [INFO] 인덱스 빌드 완료: Sparse 5211 / Dense 5211
2026-04-07 13:00:09,338 [INFO] === [성공] 모든 작업이 완료되었습니다! ===
